C51 COMPILER V8.06   MAIN                                                                  08/09/2017 17:38:25 PAGE 1   


C51 COMPILER V8.06, COMPILATION OF MODULE MAIN
OBJECT MODULE PLACED IN main.OBJ
COMPILER INVOKED BY: C:\Keil\C51\BIN\C51.EXE main.c BROWSE DEBUG OBJECTEXTEND

line level    source

   1          #include <reg52.h>
   2          #define uchar unsigned char
   3          uchar flag,a;
   4          
   5          void main()
   6          {
   7   1              TMOD = 0x20;
   8   1              TH1 =  0xfd;
   9   1              TL1 = 0xfd;
  10   1          TR1 = 1;
  11   1              REN = 1;
  12   1              SM0 = 0;
  13   1              SM1 = 1;
  14   1              EA = 1;
  15   1              ES = 1;
  16   1      
  17   1              while(1)
  18   1              {
  19   2                      if(flag == 1)
  20   2                      {       
  21   3                          ES = 0;
  22   3                              flag = 0;
  23   3                              SBUF = a;
  24   3                              while(TI == 0);
  25   3                              TI = 0;
  26   3                              ES = 1;
  27   3                      }
  28   2              }
  29   1      }
  30          
  31          void ser()interrupt 4
  32          {
  33   1              RI = 0;
  34   1              P1 = SBUF;
  35   1              a = SBUF;
  36   1              flag = 1;
  37   1      }


MODULE INFORMATION:   STATIC OVERLAYABLE
   CODE SIZE        =     55    ----
   CONSTANT SIZE    =   ----    ----
   XDATA SIZE       =   ----    ----
   PDATA SIZE       =   ----    ----
   DATA SIZE        =      2    ----
   IDATA SIZE       =   ----    ----
   BIT SIZE         =   ----    ----
END OF MODULE INFORMATION.


C51 COMPILATION COMPLETE.  0 WARNING(S),  0 ERROR(S)
