C51 COMPILER V8.06   MAIN                                                                  08/14/2017 01:15:41 PAGE 1   


C51 COMPILER V8.06, COMPILATION OF MODULE MAIN
OBJECT MODULE PLACED IN main.OBJ
COMPILER INVOKED BY: C:\Keil\C51\BIN\C51.EXE main.c BROWSE DEBUG OBJECTEXTEND

line level    source

   1          #include<reg52.h>    //包含头文件，一般情况不需要改动，头文件包含特殊功能寄存器的定义
   2          #include<intrins.h>
   3          #define uint unsigned int
   4          #define uchar unsigned char
   5          sbit RS = P1^0;   //定义端口
   6          sbit RW = P1^1;
   7          sbit EN = P2^5;
   8          sbit DU = P2^6;
   9          sbit WE = P2^7;
  10          sbit FM = P2^3;
  11          sbit IR=P3^2;  //红外接口标志
  12          #define DataPort P0 //定义数据端口 程序中遇到DataPort 则用P0 替换
  13          /*------------------------------------------------
  14                          全局变量声明
  15          ------------------------------------------------*/
  16          unsigned char  irtime;//红外用全局变量
  17          
  18          bit irpro_ok,irok;
  19          unsigned char IRcord[4];
  20          unsigned char irdata[33];
  21          
  22          
  23          /*------------------------------------------------
  24                            函数声明
  25          ------------------------------------------------*/
  26          
  27          void Ir_work(void);
  28          void Ircordpro(void);
  29          void LCD_Write_Char(unsigned char x,unsigned char y,unsigned char Data) ;
  30          
  31          /*------------------------------------------------
  32                            定时器0中断处理
  33          ------------------------------------------------*/
  34          
  35          void tim0_isr (void) interrupt 1 using 1
  36          {
  37   1        irtime++;  //用于计数2个下降沿之间的时间
  38   1      }
  39          
  40          /*------------------------------------------------
  41                            外部中断0中断处理
  42          ------------------------------------------------*/
  43          void EX0_ISR (void) interrupt 0 //外部中断0服务函数
  44          {
  45   1        static unsigned char  i;             //接收红外信号处理
  46   1        static bit startflag;                //是否开始处理标志位
  47   1      
  48   1      if(startflag)                         
  49   1         {
  50   2          if(irtime<63&&irtime>=33)//引导码 TC9012的头码，9ms+4.5ms
  51   2                              i=0;
  52   2                      irdata[i]=irtime;//存储每个电平的持续时间，用于以后判断是0还是1
  53   2                      irtime=0;
  54   2                      i++;
  55   2                               if(i==33)
C51 COMPILER V8.06   MAIN                                                                  08/14/2017 01:15:41 PAGE 2   

  56   2                      {
  57   3                                        irok=1;   //做好了准备
  58   3                                          i=0;
  59   3                                      }
  60   2                }
  61   1               else
  62   1                      {
  63   2                      irtime=0;
  64   2                      startflag=1;
  65   2                      }
  66   1      
  67   1      }
  68          
  69          /*------------------------------------------------
  70                          定时器0初始化
  71          ------------------------------------------------*/
  72          void TIM0init(void)//定时器0初始化
  73          {
  74   1      
  75   1        TMOD=0x02;//定时器0工作方式2，TH0是重装值，TL0是初值
  76   1        TH0=0x00; //重载值
  77   1        TL0=0x00; //初始化值
  78   1        ET0=1;    //开中断
  79   1        TR0=1;    
  80   1      }
  81          /*------------------------------------------------
  82                            外部中断0初始化
  83          ------------------------------------------------*/
  84          void EX0init(void)
  85          {
  86   1       IT0 = 1;   //指定外部中断0下降沿触发，INT0 (P3.2)
  87   1       EX0 = 1;   //使能外部中断
  88   1       EA = 1;    //开总中断
  89   1      }
  90          /*------------------------------------------------
  91                            键值处理
  92          ------------------------------------------------*/
  93          
  94          
  95          void Ir_work(void)//红外键值散转程序
  96          {       
  97   1                        //如果显示不好，可以在IRcord后面加上+‘0’，显示后直接减48再转化为十六进制即可
  98   1              LCD_Write_Char(15,0,IRcord[2]);                 //再对应ASCii码表即可   
  99   1      
 100   1                      irpro_ok=0;//处理完成标志
 101   1      
 102   1        }
 103          /*------------------------------------------------
 104                          红外码值处理
 105          ------------------------------------------------*/
 106          void Ircordpro(void)//红外码值处理函数
 107          { 
 108   1        unsigned char i, j, k;
 109   1        unsigned char cord,value;
 110   1      
 111   1        k=1;
 112   1        for(i=0;i<4;i++)      //处理4个字节
 113   1           {
 114   2            for(j=1;j<=8;j++) //处理1个字节8位
 115   2               {
 116   3                cord=irdata[k];
 117   3                if(cord>7)//大于某值为1，这个和晶振有绝对关系，这里使用12M计算，此值可以有一定误差
C51 COMPILER V8.06   MAIN                                                                  08/14/2017 01:15:41 PAGE 3   

 118   3                   value|=0x80;
 119   3                if(j<8)
 120   3                          {
 121   4                               value>>=1;
 122   4                              }
 123   3                 k++;
 124   3               }
 125   2           IRcord[i]=value;
 126   2           value=0;     
 127   2           } 
 128   1               irpro_ok=1;//处理完毕标志位置1
 129   1      }
 130          
 131          void cmg88()//关数码管
 132          {
 133   1                      DU = 1;
 134   1                      P0 = 0X00;
 135   1                      DU = 0;
 136   1                      WE = 0;
 137   1      }
 138          
 139          void DelayUs2x(unsigned char t)
 140          {
 141   1              while(--t);
 142   1      }
 143          
 144          void DelayMs(unsigned char t)
 145          {
 146   1      
 147   1       while(t--)
 148   1       {
 149   2           //大致延时1mS
 150   2           DelayUs2x(245);
 151   2               DelayUs2x(245);
 152   2       }
 153   1      }
 154          
 155           bit LCD_Check_Busy(void)
 156           {
 157   1               P0 = 0xff;
 158   1               RS = 0;
 159   1               RW = 1;
 160   1               EN = 0;
 161   1               _nop_();
 162   1               EN = 1;
 163   1               return (bit)(P0 & 0x80);         //强制取最高位
 164   1       }
 165          
 166           void LCD_Write_Com(unsigned char com)
 167           {
 168   1               while(LCD_Check_Busy()); //忙则等待
 169   1               RS=0;
 170   1               RW=0;
 171   1               EN=1;
 172   1               P0 = com;
 173   1               _nop_();
 174   1               EN=0;
 175   1       }
 176          
 177           void LCD_Write_Data(unsigned char Data)
 178           {
 179   1               while(LCD_Check_Busy()); //忙则等待
C51 COMPILER V8.06   MAIN                                                                  08/14/2017 01:15:41 PAGE 4   

 180   1               RS=1;
 181   1               RW=0;
 182   1               EN=1;
 183   1               P0 = Data;
 184   1               _nop_();
 185   1               EN=0;
 186   1       }
 187          
 188           void LCD_Clear(void)
 189           {
 190   1               LCD_Write_Com(0x01);
 191   1               DelayMs(5);
 192   1       }
 193          
 194           void LCD_Write_String(unsigned char x,unsigned char y,unsigned char *s)
 195           {
 196   1               if (y == 0)
 197   1               {
 198   2                              LCD_Write_Com(0x80 + x);     //表示第一行
 199   2               }
 200   1               else
 201   1               {
 202   2                              LCD_Write_Com(0xC0 + x);      //表示第二行
 203   2               }
 204   1               while (*s)
 205   1               {
 206   2                              LCD_Write_Data( *s);
 207   2                              s ++;
 208   2               }
 209   1       }
 210          
 211           void LCD_Write_Char(unsigned char x,unsigned char y,unsigned char Data)
 212           {
 213   1               if (y == 0)
 214   1               {
 215   2                      LCD_Write_Com(0x80 + x);
 216   2               }
 217   1               else
 218   1               {
 219   2                      LCD_Write_Com(0xC0 + x);
 220   2               }
 221   1               LCD_Write_Data( Data);
 222   1       }
 223          
 224           void LCD_Init(void)            //静态初始化
 225           {
 226   1         LCD_Write_Com(0x38);    /*显示模式设置*/
 227   1         DelayMs(5);
 228   1         LCD_Write_Com(0x38);
 229   1         DelayMs(5);
 230   1         LCD_Write_Com(0x38);
 231   1         DelayMs(5);
 232   1         LCD_Write_Com(0x38);
 233   1         LCD_Write_Com(0x08);    /*显示关闭*/
 234   1         LCD_Write_Com(0x01);    /*显示清屏*/
 235   1         LCD_Write_Com(0x06);    /*显示光标移动设置*/
 236   1         DelayMs(5);
 237   1         LCD_Write_Com(0x0C);    /*显示开及光标设置*/
 238   1         //LCD_Write_Com(0x0f);
 239   1       }
 240          
 241          /*------------------------------------------------
C51 COMPILER V8.06   MAIN                                                                  08/14/2017 01:15:41 PAGE 5   

 242                              主函数
 243          ------------------------------------------------*/
 244          void main(void)
 245          {
 246   1       EX0init(); //初始化外部中断
 247   1       TIM0init();//初始化定时器
 248   1              FM = 1;
 249   1              cmg88();//关数码管，点阵函数
 250   1              LCD_Init();   //静态初始化
 251   1              LCD_Clear();//清屏
 252   1      
 253   1          LCD_Write_String(0,0," value of RC:");
 254   1       while(1)//主循环
 255   1         {
 256   2          if(irok)                        //如果接收好了进行红外处理
 257   2                {   
 258   3                 Ircordpro();
 259   3                 irok=0;
 260   3                }
 261   2      
 262   2          if(irpro_ok)                   //如果处理好后进行工作处理，如按对应的按键后显示对应的数字等
 263   2                {
 264   3                 Ir_work();
 265   3                 FM = 0;
 266   3                 DelayMs(100);
 267   3                 FM = 1;
 268   3      
 269   3                }
 270   2         }
 271   1      }
 272            
 273            


MODULE INFORMATION:   STATIC OVERLAYABLE
   CODE SIZE        =    404    ----
   CONSTANT SIZE    =     14    ----
   XDATA SIZE       =   ----    ----
   PDATA SIZE       =   ----    ----
   DATA SIZE        =     39    ----
   IDATA SIZE       =   ----    ----
   BIT SIZE         =      3    ----
END OF MODULE INFORMATION.


C51 COMPILATION COMPLETE.  0 WARNING(S),  0 ERROR(S)
