C51 COMPILER V8.06   MAIN                                                                  08/09/2017 23:12:15 PAGE 1   


C51 COMPILER V8.06, COMPILATION OF MODULE MAIN
OBJECT MODULE PLACED IN main.OBJ
COMPILER INVOKED BY: C:\Keil\C51\BIN\C51.EXE main.c BROWSE DEBUG OBJECTEXTEND

line level    source

   1          
   2          /**********************BST-V51实验开发板例程************************
   3          *  平台：BST-V51 + Keil U3 + STC89C52
   4          *  名称：LCD1602模块实验
   5          *  公司：深圳市亚博软件开发有限公司
   6          *  淘宝：bstmcu.taobao.com
   7          *  日期：2013-11
   8          *  晶振:11.0592MHZ
   9          *  说明：免费开源，不提供源代码分析.
  10          ******************************************************************/
  11          //实验目的：
  12          /*-----------------------------------------------
  13            名称：LCD1602
  14            内容：通过标准程序静态显示字符
  15            引脚定义如下：1-VSS 2-VDD 3-V0 4-RS 5-R/W 6-E 7-14 DB0-DB7 15-BLA 16-BLK
  16          ------------------------------------------------*/
  17          #include<reg52.h> //包含头文件，一般情况不需要改动，头文件包含特殊功能寄存器的定义
  18          #include<intrins.h>
  19          
  20          sbit RS = P1^0;   //定义端口
  21          sbit RW = P1^1;
  22          sbit EN = P2^5;
  23          sbit DU = P2^0;
  24          sbit WE = P2^1;
  25          
  26          #define RS_CLR RS=0
  27          #define RS_SET RS=1
  28          
  29          #define RW_CLR RW=0
  30          #define RW_SET RW=1
  31          
  32          #define EN_CLR EN=0
  33          #define EN_SET EN=1
  34          
  35          #define DataPort P0
  36          
  37          void cmg88()//关数码管，点阵函数
  38          {
  39   1      DU=1;
  40   1      P0=0X00;
  41   1      DU=0;
  42   1      }
  43          /*------------------------------------------------
  44           uS延时函数，含有输入参数 unsigned char t，无返回值
  45           unsigned char 是定义无符号字符变量，其值的范围是
  46           0~255 这里使用晶振12M，精确延时请使用汇编,大致延时
  47           长度如下 T=tx2+5 uS
  48          ------------------------------------------------*/
  49          void DelayUs2x(unsigned char t)
  50          {
  51   1       while(--t);
  52   1      }
  53          /*------------------------------------------------
  54           mS延时函数，含有输入参数 unsigned char t，无返回值
  55           unsigned char 是定义无符号字符变量，其值的范围是
C51 COMPILER V8.06   MAIN                                                                  08/09/2017 23:12:15 PAGE 2   

  56           0~255 这里使用晶振12M，精确延时请使用汇编
  57          ------------------------------------------------*/
  58          void DelayMs(unsigned char t)
  59          {
  60   1      
  61   1       while(t--)
  62   1       {
  63   2           //大致延时1mS
  64   2           DelayUs2x(245);
  65   2               DelayUs2x(245);
  66   2       }
  67   1      }
  68          /*------------------------------------------------
  69                        判忙函数
  70          ------------------------------------------------*/
  71           bit LCD_Check_Busy(void)
  72           {
  73   1       DataPort= 0xFF;
  74   1       RS_CLR;
  75   1       RW_SET;
  76   1       EN_CLR;
  77   1       _nop_();
  78   1       EN_SET;
  79   1       return (bit)(DataPort & 0x80);
  80   1       }
  81          /*------------------------------------------------
  82                        写入命令函数
  83          ------------------------------------------------*/
  84           void LCD_Write_Com(unsigned char com)
  85           {
  86   1       while(LCD_Check_Busy()); //忙则等待
  87   1       RS_CLR;
  88   1       RW_CLR;
  89   1       EN_SET;
  90   1       DataPort= com;
  91   1       _nop_();
  92   1       EN_CLR;
  93   1       }
  94          /*------------------------------------------------
  95                        写入数据函数
  96          ------------------------------------------------*/
  97           void LCD_Write_Data(unsigned char Data)
  98           {
  99   1       while(LCD_Check_Busy()); //忙则等待
 100   1       RS_SET;
 101   1       RW_CLR;
 102   1       EN_SET;
 103   1       DataPort= Data;
 104   1       _nop_();
 105   1       EN_CLR;
 106   1       }
 107          
 108          /*------------------------------------------------
 109                          清屏函数
 110          ------------------------------------------------*/
 111           void LCD_Clear(void)
 112           {
 113   1       LCD_Write_Com(0x01);
 114   1       DelayMs(5);
 115   1       }
 116          /*------------------------------------------------
 117                        写入字符串函数
C51 COMPILER V8.06   MAIN                                                                  08/09/2017 23:12:15 PAGE 3   

 118          ------------------------------------------------*/
 119           void LCD_Write_String(unsigned char x,unsigned char y,unsigned char *s)
 120           {
 121   1       if (y == 0)
 122   1              {
 123   2               LCD_Write_Com(0x80 + x);     //表示第一行
 124   2              }
 125   1       else
 126   1              {
 127   2              LCD_Write_Com(0xC0 + x);      //表示第二行
 128   2              }
 129   1       while (*s)
 130   1              {
 131   2       LCD_Write_Data( *s);
 132   2       s ++;
 133   2              }
 134   1       }
 135          /*------------------------------------------------
 136                        写入字符函数
 137          ------------------------------------------------*/
 138           void LCD_Write_Char(unsigned char x,unsigned char y,unsigned char Data)
 139           {
 140   1       if (y == 0)
 141   1              {
 142   2              LCD_Write_Com(0x80 + x);
 143   2              }
 144   1       else
 145   1              {
 146   2              LCD_Write_Com(0xC0 + x);
 147   2              }
 148   1       LCD_Write_Data( Data);
 149   1       }
 150          /*------------------------------------------------
 151                        初始化函数
 152          ------------------------------------------------*/
 153           void LCD_Init(void)
 154           {
 155   1         LCD_Write_Com(0x38);    /*显示模式设置*/
 156   1         DelayMs(5);
 157   1         LCD_Write_Com(0x38);
 158   1         DelayMs(5);
 159   1         LCD_Write_Com(0x38);
 160   1         DelayMs(5);
 161   1         LCD_Write_Com(0x38);
 162   1         LCD_Write_Com(0x08);    /*显示关闭*/
 163   1         LCD_Write_Com(0x01);    /*显示清屏*/
 164   1         LCD_Write_Com(0x06);    /*显示光标移动设置*/
 165   1         DelayMs(5);
 166   1         LCD_Write_Com(0x0C);    /*显示开及光标设置*/
 167   1         }
 168          
 169          /*------------------------------------------------
 170                              主函数
 171          ------------------------------------------------*/
 172          void main(void)
 173          {
 174   1      cmg88();//关数码管，点阵函数
 175   1      LCD_Init();
 176   1      LCD_Clear();//清屏
 177   1      while (1)
 178   1       {
 179   2        //LCD_Write_Char(7,0,'o');
C51 COMPILER V8.06   MAIN                                                                  08/09/2017 23:12:15 PAGE 4   

 180   2        //LCD_Write_Char(8,0,'k');
 181   2        //LCD_Write_String(1,1,"hello world");
 182   2          //LCD_Write_String(1,0,"yyy loves yjg");
 183   2          LCD_Write_String(4,1,"forever");
 184   2          LCD_Write_String(1,0,"yjg loves yyy");
 185   2      
 186   2        while(1);
 187   2       }
 188   1      }
 189          


MODULE INFORMATION:   STATIC OVERLAYABLE
   CODE SIZE        =    233    ----
   CONSTANT SIZE    =     22    ----
   XDATA SIZE       =   ----    ----
   PDATA SIZE       =   ----    ----
   DATA SIZE        =   ----    ----
   IDATA SIZE       =   ----    ----
   BIT SIZE         =   ----    ----
END OF MODULE INFORMATION.


C51 COMPILATION COMPLETE.  0 WARNING(S),  0 ERROR(S)
