C51 COMPILER V8.06   MAIN                                                                  08/06/2017 23:22:13 PAGE 1   


C51 COMPILER V8.06, COMPILATION OF MODULE MAIN
OBJECT MODULE PLACED IN main.OBJ
COMPILER INVOKED BY: C:\Keil\C51\BIN\C51.EXE main.c BROWSE DEBUG OBJECTEXTEND

line level    source

   1          #include <reg52.h>
   2          #include <intrins.h>  
   3          
   4          #define uint unsigned int
   5          #define uchar unsigned char
   6          #define ON 0
   7          #define OFF 1
   8          
   9          sbit DU=P2^6;
  10          sbit WE=P2^7;
  11          sbit FM=P2^3;
  12          
  13          uchar code table[]={
  14          0x3f,0x06,0x5b,0x4f,
  15          0x66,0x6d,0x7d,0x07,
  16          0x7f,0x6f,0x77,0x7c,
  17          0x39,0x5e,0x79,0x71};
  18          
  19          uchar code table2[]={
  20          0xfe,0xfd,0xfb,0xf7,
  21          0xef,0xdf,0xbf,0x7f};
  22          
  23          uchar temp,aa,num,num2;
  24          
  25          void delay(uint z);
  26          
  27          void main()
  28          {
  29   1             temp = 0;
  30   1                 aa = 0;
  31   1                 num = 0;
  32   1                 num2 = 0;
  33   1                 TMOD = 0x01;
  34   1                 TH0 = (65536 - 50000) / 256;
  35   1                 TL0 = (65536 - 50000) % 256;
  36   1                 EA = 1;
  37   1                 ET0 = 1;
  38   1                 TR0 = 1;
  39   1      
  40   1                 temp = 0xfe;
  41   1                 P1 = temp;
  42   1      
  43   1                 WE = 1;
  44   1                 P0 = table2[0];
  45   1                 WE = 0;
  46   1      
  47   1                 DU = 1;
  48   1                 P0 = table[0];
  49   1                 DU = 0;
  50   1      
  51   1                 while(1);
  52   1      
  53   1      
  54   1      }
  55          
C51 COMPILER V8.06   MAIN                                                                  08/06/2017 23:22:13 PAGE 2   

  56          void delay(uint z)
  57          {
  58   1              uint x,y;
  59   1              for(x=z;x>0;x--)
  60   1                      for(y =110;y>0;y--);
  61   1      }
  62          
  63          void timer0() interrupt 1 
  64          {
  65   1              TH0=(65536-50000)/256;
  66   1              TL0=(65536-50000)%256;
  67   1              aa++;
  68   1                      if(aa==20)
  69   1                              {
  70   2      
  71   2                                 
  72   2                                  temp = _crol_(temp,1);
  73   2                                  P1=temp;
  74   2      
  75   2      
  76   2                                      aa=0;
  77   2                                      num++;
  78   2                                      num2++;
  79   2      
  80   2                                      if(num==8)
  81   2                                              num=0;  
  82   2                                      DU=1;
  83   2                                      P0=table[num];
  84   2                                      DU=0;   
  85   2                                      
  86   2                                      if(num2==8)
  87   2                                              num2=0;                                                                                 
  88   2                                      WE=1;
  89   2                                      P0=table2[num];
  90   2                                      WE=0;
  91   2      
  92   2                                      if(num==0)
  93   2                                      {
  94   3                                              FM = ON;
  95   3                                              delay(100);
  96   3                                              FM=~FM;
  97   3                                      }
  98   2                                              
  99   2                              }       
 100   1      }


MODULE INFORMATION:   STATIC OVERLAYABLE
   CODE SIZE        =    213    ----
   CONSTANT SIZE    =     24    ----
   XDATA SIZE       =   ----    ----
   PDATA SIZE       =   ----    ----
   DATA SIZE        =      4    ----
   IDATA SIZE       =   ----    ----
   BIT SIZE         =   ----    ----
END OF MODULE INFORMATION.


C51 COMPILATION COMPLETE.  0 WARNING(S),  0 ERROR(S)
