C51 COMPILER V9.01   MAIN                                                                  08/22/2017 20:52:13 PAGE 1   


C51 COMPILER V9.01, COMPILATION OF MODULE MAIN
OBJECT MODULE PLACED IN main.OBJ
COMPILER INVOKED BY: C:\Keil\C51\BIN\C51.EXE main.c BROWSE DEBUG OBJECTEXTEND

line level    source

   1          #include <reg52.h>
   2          sbit D1 = P1^0;
   3          
   4          void delay()
   5          {
   6   1          unsigned int i,j;
   7   1              for(i = 1;i > 0;i-- )
   8   1                      for(j = 103;j > 0;j--);
   9   1      }
  10          
  11          void main()
  12          {
  13   1              //D1 = 1;
  14   1              while(1)
  15   1              {
  16   2                      D1 = ~D1;
  17   2                      delay();
  18   2              }
  19   1      }               


MODULE INFORMATION:   STATIC OVERLAYABLE
   CODE SIZE        =     34    ----
   CONSTANT SIZE    =   ----    ----
   XDATA SIZE       =   ----    ----
   PDATA SIZE       =   ----    ----
   DATA SIZE        =   ----    ----
   IDATA SIZE       =   ----    ----
   BIT SIZE         =   ----    ----
END OF MODULE INFORMATION.


C51 COMPILATION COMPLETE.  0 WARNING(S),  0 ERROR(S)
